0 info it worked if it ends with ok
1 verbose cli [ 'C:\\Program Files\\nodejs\\node.exe',
1 verbose cli   'C:\\Program Files\\nodejs\\node_modules\\npm\\bin\\npm-cli.js',
1 verbose cli   'run',
1 verbose cli   'build' ]
2 info using npm@3.3.12
3 info using node@v5.3.0
4 verbose run-script [ 'prebuild', 'build', 'postbuild' ]
5 info lifecycle webpack-3-6@1.0.0~prebuild: webpack-3-6@1.0.0
6 silly lifecycle webpack-3-6@1.0.0~prebuild: no script for prebuild, continuing
7 info lifecycle webpack-3-6@1.0.0~build: webpack-3-6@1.0.0
8 verbose lifecycle webpack-3-6@1.0.0~build: unsafe-perm in lifecycle true
9 verbose lifecycle webpack-3-6@1.0.0~build: PATH: C:\Program Files\nodejs\node_modules\npm\bin\node-gyp-bin;E:\E Data\node application\sam\sample_for_inam_kazi7\node_modules\.bin;C:\Program Files\nodejs\node_modules\npm\bin\node-gyp-bin;E:\E Data\node application\sam\sample_for_inam_kazi7\node_modules\.bin;C:\Program Files (x86)\Common Files\Oracle\Java\javapath;C:\Windows\system32;C:\Windows;C:\Windows\System32\Wbem;C:\Windows\System32\WindowsPowerShell\v1.0\;C:\Program Files\Git\cmd;C:\Program Files\PuTTY\;C:\ProgramData\chocolatey\bin;C:\Program Files\nodejs\;C:\Program Files\Java\jdk1.8.0_211\bin;C:\Users\Shoaib\AppData\Local\Android\Sdk\platform-tools;C:\Users\Shoaib\AppData\Local\Programs\Microsoft VS Code\bin;C:\Users\Shoaib\AppData\Roaming\npm
10 verbose lifecycle webpack-3-6@1.0.0~build: CWD: E:\E Data\node application\sam\sample_for_inam_kazi7
11 silly lifecycle webpack-3-6@1.0.0~build: Args: [ '/d /s /c', 'webpack' ]
12 silly lifecycle webpack-3-6@1.0.0~build: Returned: code: 1  signal: null
13 info lifecycle webpack-3-6@1.0.0~build: Failed to exec build script
14 verbose stack Error: webpack-3-6@1.0.0 build: `webpack`
14 verbose stack Exit status 1
14 verbose stack     at EventEmitter.<anonymous> (C:\Program Files\nodejs\node_modules\npm\lib\utils\lifecycle.js:232:16)
14 verbose stack     at emitTwo (events.js:87:13)
14 verbose stack     at EventEmitter.emit (events.js:172:7)
14 verbose stack     at ChildProcess.<anonymous> (C:\Program Files\nodejs\node_modules\npm\lib\utils\spawn.js:24:14)
14 verbose stack     at emitTwo (events.js:87:13)
14 verbose stack     at ChildProcess.emit (events.js:172:7)
14 verbose stack     at maybeClose (internal/child_process.js:818:16)
14 verbose stack     at Process.ChildProcess._handle.onexit (internal/child_process.js:211:5)
15 verbose pkgid webpack-3-6@1.0.0
16 verbose cwd E:\E Data\node application\sam\sample_for_inam_kazi7
17 error Windows_NT 6.3.9600
18 error argv "C:\\Program Files\\nodejs\\node.exe" "C:\\Program Files\\nodejs\\node_modules\\npm\\bin\\npm-cli.js" "run" "build"
19 error node v5.3.0
20 error npm  v3.3.12
21 error code ELIFECYCLE
22 error webpack-3-6@1.0.0 build: `webpack`
22 error Exit status 1
23 error Failed at the webpack-3-6@1.0.0 build script 'webpack'.
23 error Make sure you have the latest version of node.js and npm installed.
23 error If you do, this is most likely a problem with the webpack-3-6 package,
23 error not with npm itself.
23 error Tell the author that this fails on your system:
23 error     webpack
23 error You can get their info via:
23 error     npm owner ls webpack-3-6
23 error There is likely additional logging output above.
24 verbose exit [ 1, true ]
